Note: Google Test filter = **GenericStream/TlsConnectGeneric.Connect/0**
[==========] Running 1 test from 1 test case.
[----------] Global test environment set-up.
[----------] 1 test from GenericStream/TlsConnectGeneric
[ RUN      ] GenericStream/TlsConnectGeneric.Connect/0
Version: TLS 1.3
SSL: tracing set to 50
23581: SSL: grow buffer from 0 to 18432
23581: SSL: grow buffer from 0 to 18432
server: Changing state from INIT to CONNECTING
23581: SSL: grow buffer from 0 to 18432
23581: SSL: grow buffer from 0 to 18432
client: Changing state from INIT to CONNECTING
23581: SSL[34493488]: sending client-hello
23581: SSL3[34493488]: send initial ClientHello handshake
23581: SSL[-]: disabling group 19
23581: SSL[-]: disabling group 17
23581: SSL[-]: disabling group 15
23581: SSL[-]: disabling group 16
23581: SSL[-]: disabling group 1
23581: SSL[-]: disabling group 2
23581: SSL[-]: disabling group 3
23581: SSL[-]: disabling group 18
23581: SSL[-]: disabling group 4
23581: SSL[-]: disabling group 5
23581: SSL[-]: disabling group 21
23581: SSL[-]: disabling group 20
23581: SSL[-]: disabling group 6
23581: SSL[-]: disabling group 7
23581: SSL[-]: disabling group 8
23581: SSL[-]: disabling group 22
23581: SSL[-]: disabling group 9
23581: SSL[-]: disabling group 10
23581: SSL[-]: disabling group 11
23581: SSL[-]: disabling group 12
23581: SSL[-]: disabling group 13
23581: SSL[-]: disabling group 14
23581: SSL3[34493488]: reset handshake hashes
SSL: destroy sid: sid=0x2117960 cached=0
Create ECDH ephemeral key 29
23581: SSL: Public Key [Len: 32]
   3c 00 66 a1 65 3f 8d e9 50 83 43 1e 9d 0a 9c b5   <.f.e?..P.C.....
   48 ba 8a 0b ac 9c 24 db f6 74 1b 71 17 bd 36 0d   H.....$..t.q..6.
23581: SSL: Private Key [Len: 32]
   00 3f 03 46 4f 2f d7 6b f9 ef 4d c1 28 c9 03 36   .?.FO/.k..M.(..6
   c3 fd 12 5d 42 0c e1 bb 4a b2 08 9c d8 b2 e9 77   ...]B...J......w
23581: TLS13[34493488]: send client key share xtn
23581: TLS13[34493488]: send supported_versions extension
23581: SSL3[34493488]: append handshake header: type client_hello  (1)
23581: SSL: grow buffer from 0 to 18432
23581: SSL: grow buffer from 0 to 18432
23581: TLS13[34493488]: send client key share xtn
23581: TLS13[34493488]: send supported_versions extension
23581: SSL3[34493488] SendRecord type: handshake  (22) nIn=180
23581: SSL[34493488]: Send record (plain text) [Len: 180]
   01 00 00 b0 03 03 05 0c f4 2a 88 84 65 9f 77 31   .........*..e.w1
   c4 ae 32 78 36 fb 4e bb 1a ff 59 33 49 c1 bc f8   ..2x6.N...Y3I...
   7c 37 db 7e c3 21 00 00 06 13 01 13 03 13 02 01   |7.~.!..........
   00 00 81 00 00 00 0b 00 09 00 00 06 73 65 72 76   ............serv
   65 72 ff 01 00 01 00 00 0a 00 14 00 12 00 1d 00   er..............
   17 00 18 00 19 01 00 01 01 01 02 01 03 01 04 00   ................
   28 00 26 00 24 00 1d 00 20 3c 00 66 a1 65 3f 8d   (.&.$... <.f.e?.
   e9 50 83 43 1e 9d 0a 9c b5 48 ba 8a 0b ac 9c 24   .P.C.....H.....$
   db f6 74 1b 71 17 bd 36 0d 00 2b 00 03 02 7f 10   ..t.q..6..+.....
   00 0d 00 20 00 1e 04 03 05 03 06 03 02 03 08 04   ... ............
   08 05 08 06 04 01 05 01 06 01 02 01 04 02 05 02   ................
   06 02 02 02                                       ....
23581: TLS13[34493488]: spec=34661648 ((null)) protect record 0x0 len=180
23581: SSL[34493488]: send (encrypted) record data: [Len: 185]
   16 03 01 00 b4 01 00 00 b0 03 03 05 0c f4 2a 88   ..............*.
   84 65 9f 77 31 c4 ae 32 78 36 fb 4e bb 1a ff 59   .e.w1..2x6.N...Y
   33 49 c1 bc f8 7c 37 db 7e c3 21 00 00 06 13 01   3I...|7.~.!.....
   13 03 13 02 01 00 00 81 00 00 00 0b 00 09 00 00   ................
   06 73 65 72 76 65 72 ff 01 00 01 00 00 0a 00 14   .server.........
   00 12 00 1d 00 17 00 18 00 19 01 00 01 01 01 02   ................
   01 03 01 04 00 28 00 26 00 24 00 1d 00 20 3c 00   .....(.&.$... <.
   66 a1 65 3f 8d e9 50 83 43 1e 9d 0a 9c b5 48 ba   f.e?..P.C.....H.
   8a 0b ac 9c 24 db f6 74 1b 71 17 bd 36 0d 00 2b   ....$..t.q..6..+
   00 03 02 7f 10 00 0d 00 20 00 1e 04 03 05 03 06   ........ .......
   03 02 03 08 04 08 05 08 06 04 01 05 01 06 01 02   ................
   01 04 02 05 02 06 02 02 02                        .........
ssl3_GatherCompleteHandshake
23581: SSL3[34493488]: gather state 1 (need 5 more)
23581: SSL[34493488]: handshake gathering, rv=-1
ssl3_GatherCompleteHandshake
23581: SSL3[34494384]: gather state 1 (need 5 more)
23581: SSL: grow buffer from 0 to 18432
23581: SSL3[34494384]: gather state 2 (need 180 more)
23581: SSL[34494384]: got record of 180 bytes
23581: SSL3[34494384]: handle handshake message: client_hello  (1)
23581: SSL3[34494384]: reset handshake hashes
23581: SSL: grow buffer from 0 to 18432
23581: SSL3[34494384]: handle client_hello handshake
23581: SSL3[34494384]: handle key_share extension
23581: SSL3[34494384]: start handshake hashes
23581: TLS13[34494384]: selected KE = (EC)DHE
23581: TLS13[34494384]: group = 29
23581: TLS13[34494384]: selected certificate authentication
23581: TLS13[34494384]: negotiate 0-RTT 0
23581: TLS13[34494384]: handle client_key_share handshake
Create ECDH ephemeral key 29
23581: SSL: Public Key [Len: 32]
   94 62 1a ba d5 04 7d ce e2 7e e8 97 35 79 1b cc   .b....}..~..5y..
   b0 20 b6 57 e6 17 c0 f0 98 c4 a7 4d ff ba bd 51   . .W.......M...Q
23581: SSL: Private Key [Len: 32]
   0d 03 4c 64 fd 9d ab 8b ad ac 75 d7 32 fa 6e 79   ..Ld......u.2.ny
   5e 76 d9 90 fc aa 7f 2f 12 d8 69 49 e9 82 b5 f5   ^v...../..iI....
23581: TLS13[34494384]: compute early secrets (server)
23581: SSL: HKDF Extract: IKM1/Salt [Len: 0]
   <NULL>
23581: SSL: HKDF Extract: IKM2 [Len: 32]
   00 00 00 00 00 00 00 00 00 00 00 00 00 00 00 00   ................
   00 00 00 00 00 00 00 00 00 00 00 00 00 00 00 00   ................
23581: SSL: HKDF Extract [Len: 32]
   33 ad 0a 1c 60 7e c0 3b 09 e6 cd 98 93 68 0c e2   3...`~.;.....h..
   10 ad f3 00 aa 1f 26 60 e1 b2 2e 10 f1 70 f9 2a   ......&`.....p.*
23581: SSL[34494384]: Resumption context [Len: 32]
   00 00 00 00 00 00 00 00 00 00 00 00 00 00 00 00   ................
   00 00 00 00 00 00 00 00 00 00 00 00 00 00 00 00   ................
23581: SSL[34494384]: Hash of resumption context [Len: 32]
   66 68 7a ad f8 62 bd 77 6c 8f c1 8b 8e 9f 8e 20   fhz..b.wl...... 
   08 97 14 85 6e e2 33 b3 90 2a 59 1d 0d 5f 29 25   ....n.3..*Y.._)%
23581: TLS13[34494384]: begin send server_hello sequence
23581: SSL3[34494384]: send server_hello handshake
23581: TLS13[34494384]: send signature_algorithms extension
23581: SSL3[34494384]: append handshake header: type server_hello  (2)
23581: SSL: grow buffer from 0 to 18432
23581: TLS13[34494384]: send signature_algorithms extension
23581: SSL3[34494384]: Set XXX Pending Cipher Suite to 0x1301
23581: TLS13[34494384]: compute handshake secrets (server)
23581: SSL: HKDF Extract: IKM1/Salt [Len: 32]
   33 ad 0a 1c 60 7e c0 3b 09 e6 cd 98 93 68 0c e2   3...`~.;.....h..
   10 ad f3 00 aa 1f 26 60 e1 b2 2e 10 f1 70 f9 2a   ......&`.....p.*
23581: SSL: HKDF Extract: IKM2 [Len: 32]
   97 e9 e9 5f 74 5a 16 9d aa 64 3f ac 7c f9 c1 00   ..._tZ...d?.|...
   cd 57 82 19 1f a1 b8 18 1a 27 2f 26 94 8d 97 30   .W.......'/&...0
23581: SSL: HKDF Extract [Len: 32]
   b8 34 1e 2c 98 e5 43 7d 49 4b 23 a3 29 4b 10 d9   .4.,..C}IK#.)K..
   99 f6 d6 e8 7c 48 88 45 35 b8 fd 0a 38 b5 d6 bd   ....|H.E5...8...
23581: TLS13[34494384]: deriving secret 'client handshake traffic secret'
23581: SSL: Combined handshake hash computed  [Len: 64]
   3d d9 53 27 9e 4d 22 ef 4e 7a fa 60 5a 05 3a d8   =.S'.M".Nz.`Z.:.
   8b 22 00 7c 43 a5 6f 38 82 2c 38 14 51 07 98 64   .".|C.o8.,8.Q..d
   66 68 7a ad f8 62 bd 77 6c 8f c1 8b 8e 9f 8e 20   fhz..b.wl...... 
   08 97 14 85 6e e2 33 b3 90 2a 59 1d 0d 5f 29 25   ....n.3..*Y.._)%
HKDF Expand: label=[TLS 1.3, ] + 'client handshake traffic secret',requested length=32
23581: SSL: PRK [Len: 32]
   b8 34 1e 2c 98 e5 43 7d 49 4b 23 a3 29 4b 10 d9   .4.,..C}IK#.)K..
   99 f6 d6 e8 7c 48 88 45 35 b8 fd 0a 38 b5 d6 bd   ....|H.E5...8...
23581: SSL: Hash [Len: 64]
   3d d9 53 27 9e 4d 22 ef 4e 7a fa 60 5a 05 3a d8   =.S'.M".Nz.`Z.:.
   8b 22 00 7c 43 a5 6f 38 82 2c 38 14 51 07 98 64   .".|C.o8.,8.Q..d
   66 68 7a ad f8 62 bd 77 6c 8f c1 8b 8e 9f 8e 20   fhz..b.wl...... 
   08 97 14 85 6e e2 33 b3 90 2a 59 1d 0d 5f 29 25   ....n.3..*Y.._)%
23581: SSL: Info [Len: 108]
   00 20 28 54 4c 53 20 31 2e 33 2c 20 63 6c 69 65   . (TLS 1.3, clie
   6e 74 20 68 61 6e 64 73 68 61 6b 65 20 74 72 61   nt handshake tra
   66 66 69 63 20 73 65 63 72 65 74 40 3d d9 53 27   ffic secret@=.S'
   9e 4d 22 ef 4e 7a fa 60 5a 05 3a d8 8b 22 00 7c   .M".Nz.`Z.:..".|
   43 a5 6f 38 82 2c 38 14 51 07 98 64 66 68 7a ad   C.o8.,8.Q..dfhz.
   f8 62 bd 77 6c 8f c1 8b 8e 9f 8e 20 08 97 14 85   .b.wl...... ....
   6e e2 33 b3 90 2a 59 1d 0d 5f 29 25               n.3..*Y.._)%
23581: SSL: Derived key [Len: 32]
   6c cf c7 32 35 d7 92 9b 25 f4 7d 82 54 99 e1 87   l..25...%.}.T...
   5d cd 50 c8 c7 d7 59 65 85 6c d0 65 cd 2a 71 5d   ].P...Ye.l.e.*q]
23581: TLS13[34494384]: deriving secret 'server handshake traffic secret'
23581: SSL: Combined handshake hash computed  [Len: 64]
   3d d9 53 27 9e 4d 22 ef 4e 7a fa 60 5a 05 3a d8   =.S'.M".Nz.`Z.:.
   8b 22 00 7c 43 a5 6f 38 82 2c 38 14 51 07 98 64   .".|C.o8.,8.Q..d
   66 68 7a ad f8 62 bd 77 6c 8f c1 8b 8e 9f 8e 20   fhz..b.wl...... 
   08 97 14 85 6e e2 33 b3 90 2a 59 1d 0d 5f 29 25   ....n.3..*Y.._)%
HKDF Expand: label=[TLS 1.3, ] + 'server handshake traffic secret',requested length=32
23581: SSL: PRK [Len: 32]
   b8 34 1e 2c 98 e5 43 7d 49 4b 23 a3 29 4b 10 d9   .4.,..C}IK#.)K..
   99 f6 d6 e8 7c 48 88 45 35 b8 fd 0a 38 b5 d6 bd   ....|H.E5...8...
23581: SSL: Hash [Len: 64]
   3d d9 53 27 9e 4d 22 ef 4e 7a fa 60 5a 05 3a d8   =.S'.M".Nz.`Z.:.
   8b 22 00 7c 43 a5 6f 38 82 2c 38 14 51 07 98 64   .".|C.o8.,8.Q..d
   66 68 7a ad f8 62 bd 77 6c 8f c1 8b 8e 9f 8e 20   fhz..b.wl...... 
   08 97 14 85 6e e2 33 b3 90 2a 59 1d 0d 5f 29 25   ....n.3..*Y.._)%
23581: SSL: Info [Len: 108]
   00 20 28 54 4c 53 20 31 2e 33 2c 20 73 65 72 76   . (TLS 1.3, serv
   65 72 20 68 61 6e 64 73 68 61 6b 65 20 74 72 61   er handshake tra
   66 66 69 63 20 73 65 63 72 65 74 40 3d d9 53 27   ffic secret@=.S'
   9e 4d 22 ef 4e 7a fa 60 5a 05 3a d8 8b 22 00 7c   .M".Nz.`Z.:..".|
   43 a5 6f 38 82 2c 38 14 51 07 98 64 66 68 7a ad   C.o8.,8.Q..dfhz.
   f8 62 bd 77 6c 8f c1 8b 8e 9f 8e 20 08 97 14 85   .b.wl...... ....
   6e e2 33 b3 90 2a 59 1d 0d 5f 29 25               n.3..*Y.._)%
23581: SSL: Derived key [Len: 32]
   f6 f5 16 5c ac aa 58 cc 91 f0 bc 29 64 3c c2 6d   ...\..X....)d<.m
   28 84 5c 2a c7 dc 6b 79 48 01 39 c4 db 0f 17 a5   (.\*..kyH.9.....
23581: TLS13[34494384]: compute master secret (server)
23581: SSL: HKDF Extract: IKM1/Salt [Len: 32]
   b8 34 1e 2c 98 e5 43 7d 49 4b 23 a3 29 4b 10 d9   .4.,..C}IK#.)K..
   99 f6 d6 e8 7c 48 88 45 35 b8 fd 0a 38 b5 d6 bd   ....|H.E5...8...
23581: SSL: HKDF Extract: IKM2 [Len: 32]
   00 00 00 00 00 00 00 00 00 00 00 00 00 00 00 00   ................
   00 00 00 00 00 00 00 00 00 00 00 00 00 00 00 00   ................
23581: SSL: HKDF Extract [Len: 32]
   14 59 fd dd 1e f2 1c 4d b4 bc 0b 6f 71 4d a3 e7   .Y.....M...oqM..
   5e 50 7e 31 76 c0 c7 d3 2d dc 5a a4 b2 c6 9d 2f   ^P~1v...-.Z..../
23581: SSL3[34494384] SendRecord type: handshake  (22) nIn=86
23581: SSL[34494384]: Send record (plain text) [Len: 86]
   02 00 00 52 7f 10 5f 5f 6d 0c 92 3a 59 73 18 80   ...R..__m..:Ys..
   25 62 86 2d 91 35 6d 8a b4 e8 72 74 7f ce bb 4b   %b.-.5m...rt...K
   e9 f9 9c 1d b5 0c 13 01 00 2c 00 0d 00 00 00 28   .........,.....(
   00 24 00 1d 00 20 94 62 1a ba d5 04 7d ce e2 7e   .$... .b....}..~
   e8 97 35 79 1b cc b0 20 b6 57 e6 17 c0 f0 98 c4   ..5y... .W......
   a7 4d ff ba bd 51                                 .M...Q
23581: TLS13[34494384]: spec=34497168 ((null)) protect record 0x0 len=86
23581: SSL[34494384]: send (encrypted) record data: [Len: 91]
   16 03 01 00 56 02 00 00 52 7f 10 5f 5f 6d 0c 92   ....V...R..__m..
   3a 59 73 18 80 25 62 86 2d 91 35 6d 8a b4 e8 72   :Ys..%b.-.5m...r
   74 7f ce bb 4b e9 f9 9c 1d b5 0c 13 01 00 2c 00   t...K.........,.
   0d 00 00 00 28 00 24 00 1d 00 20 94 62 1a ba d5   ....(.$... .b...
   04 7d ce e2 7e e8 97 35 79 1b cc b0 20 b6 57 e6   .}..~..5y... .W.
   17 c0 f0 98 c4 a7 4d ff ba bd 51                  ......M...Q
23581: SSL: grow buffer from 0 to 18432
23581: SSL[34494384]: saving 91 bytes of data (91 total saved so far)
23581: TLS13[34494384]: Set Pending Cipher Suite to 0x1301
23581: TLS13[34494384]: deriving traffic keys phase='handshake key expansion'
HKDF Expand: label=[TLS 1.3, ] + 'handshake key expansion, key',requested length=16
23581: SSL: PRK [Len: 32]
   f6 f5 16 5c ac aa 58 cc 91 f0 bc 29 64 3c c2 6d   ...\..X....)d<.m
   28 84 5c 2a c7 dc 6b 79 48 01 39 c4 db 0f 17 a5   (.\*..kyH.9.....
23581: SSL: Hash [Len: 0]
   <NULL>
23581: SSL: Info [Len: 41]
   00 10 25 54 4c 53 20 31 2e 33 2c 20 68 61 6e 64   ..%TLS 1.3, hand
   73 68 61 6b 65 20 6b 65 79 20 65 78 70 61 6e 73   shake key expans
   69 6f 6e 2c 20 6b 65 79 00                        ion, key.
23581: SSL: Derived key [Len: 16]
   45 80 6b 1c 9d d7 db 51 df 53 fd 4b 34 99 86 98   E.k....Q.S.K4...
HKDF Expand: label=[TLS 1.3, ] + 'handshake key expansion, iv',requested length=12
23581: SSL: PRK [Len: 32]
   f6 f5 16 5c ac aa 58 cc 91 f0 bc 29 64 3c c2 6d   ...\..X....)d<.m
   28 84 5c 2a c7 dc 6b 79 48 01 39 c4 db 0f 17 a5   (.\*..kyH.9.....
23581: SSL: Hash [Len: 0]
   <NULL>
23581: SSL: Info [Len: 40]
   00 0c 24 54 4c 53 20 31 2e 33 2c 20 68 61 6e 64   ..$TLS 1.3, hand
   73 68 61 6b 65 20 6b 65 79 20 65 78 70 61 6e 73   shake key expans
   69 6f 6e 2c 20 69 76 00                           ion, iv.
23581: SSL: Derived key [Len: 12]
   a3 ab fa 0f bf 9e e7 8f f4 53 b4 09               .........S..
23581: TLS13[-]: decrement refct for spec 34497168. phase=(null) new ct = 127
23581: TLS13[34494384]: server installed key for phase='handshake key expansion'.1 dir=write
23581: TLS13[34494384]: send encrypted extensions handshake
23581: SSL3[34494384]: append handshake header: type encrypted_extensions (8)
23581: SSL3[34494384]: send certificate handshake
23581: SSL3[34494384]: append handshake header: type certificate  (11)
23581: TLS13[34494384]: send certificate_verify handshake
23581: SSL: Combined handshake hash computed  [Len: 64]
   1e 38 a4 2d 4b 51 69 8d 93 21 f9 c9 dc 8e fd 3e   .8.-KQi..!.....>
   f5 ca bc a4 aa 66 cc c0 de c9 27 2f bd 94 e9 f5   .....f....'/....
   66 68 7a ad f8 62 bd 77 6c 8f c1 8b 8e 9f 8e 20   fhz..b.wl...... 
   08 97 14 85 6e e2 33 b3 90 2a 59 1d 0d 5f 29 25   ....n.3..*Y.._)%
23581: SSL[34494384]: TLS 1.3 hash without context [Len: 64]
   1e 38 a4 2d 4b 51 69 8d 93 21 f9 c9 dc 8e fd 3e   .8.-KQi..!.....>
   f5 ca bc a4 aa 66 cc c0 de c9 27 2f bd 94 e9 f5   .....f....'/....
   66 68 7a ad f8 62 bd 77 6c 8f c1 8b 8e 9f 8e 20   fhz..b.wl...... 
   08 97 14 85 6e e2 33 b3 90 2a 59 1d 0d 5f 29 25   ....n.3..*Y.._)%
23581: SSL[34494384]: Context string [Len: 33]
   54 4c 53 20 31 2e 33 2c 20 73 65 72 76 65 72 20   TLS 1.3, server 
   43 65 72 74 69 66 69 63 61 74 65 56 65 72 69 66   CertificateVerif
   79                                                y
23581: SSL[34494384]: TLS 1.3 hash with context [Len: 32]
   59 29 ac 51 ed 15 48 9b 0f 7b 10 86 d5 bf 67 c8   Y).Q..H..{....g.
   99 66 9e 7a 1e 28 6c 73 29 7a a2 f8 02 ce 51 24   .f.z.(ls)z....Q$
23581: SSL3[34494384]: append handshake header: type certificate_verify  (15)
23581: TLS13[34494384]: send finished handshake
23581: SSL: Combined handshake hash computed  [Len: 64]
   98 fa d5 a9 0e 27 f7 c3 53 08 01 12 ce 56 43 8b   .....'..S....VC.
   e4 4e 08 72 52 c2 c0 21 7b f3 07 93 e0 70 f0 bc   .N.rR..!{....p..
   66 68 7a ad f8 62 bd 77 6c 8f c1 8b 8e 9f 8e 20   fhz..b.wl...... 
   08 97 14 85 6e e2 33 b3 90 2a 59 1d 0d 5f 29 25   ....n.3..*Y.._)%
23581: SSL: Handshake hash [Len: 64]
   98 fa d5 a9 0e 27 f7 c3 53 08 01 12 ce 56 43 8b   .....'..S....VC.
   e4 4e 08 72 52 c2 c0 21 7b f3 07 93 e0 70 f0 bc   .N.rR..!{....p..
   66 68 7a ad f8 62 bd 77 6c 8f c1 8b 8e 9f 8e 20   fhz..b.wl...... 
   08 97 14 85 6e e2 33 b3 90 2a 59 1d 0d 5f 29 25   ....n.3..*Y.._)%
HKDF Expand: label=[TLS 1.3, ] + 'finished',requested length=32
23581: SSL: PRK [Len: 32]
   f6 f5 16 5c ac aa 58 cc 91 f0 bc 29 64 3c c2 6d   ...\..X....)d<.m
   28 84 5c 2a c7 dc 6b 79 48 01 39 c4 db 0f 17 a5   (.\*..kyH.9.....
23581: SSL: Hash [Len: 0]
   <NULL>
23581: SSL: Info [Len: 21]
   00 20 11 54 4c 53 20 31 2e 33 2c 20 66 69 6e 69   . .TLS 1.3, fini
   73 68 65 64 00                                    shed.
23581: SSL: Derived key [Len: 32]
   67 3b 6a 64 1c 16 87 bc 53 ed 5c f8 43 45 46 6d   g;jd....S.\.CEFm
   60 06 d8 c7 6f 8e d3 33 38 0a 2f 10 bf 1a 61 79   `...o..38./...ay
23581: SSL: Handshake hash [Len: 64]
   98 fa d5 a9 0e 27 f7 c3 53 08 01 12 ce 56 43 8b   .....'..S....VC.
   e4 4e 08 72 52 c2 c0 21 7b f3 07 93 e0 70 f0 bc   .N.rR..!{....p..
   66 68 7a ad f8 62 bd 77 6c 8f c1 8b 8e 9f 8e 20   fhz..b.wl...... 
   08 97 14 85 6e e2 33 b3 90 2a 59 1d 0d 5f 29 25   ....n.3..*Y.._)%
23581: SSL3[34494384]: append handshake header: type finished     (20)
23581: SSL3[34494384] SendRecord type: handshake  (22) nIn=649
23581: SSL[34494384]: Send record (plain text) [Len: 649]
   08 00 00 1e 00 1c 00 0a 00 14 00 12 00 1d 00 17   ................
   00 18 00 19 01 00 01 01 01 02 01 03 01 04 00 00   ................
   00 00 0b 00 01 b7 00 00 01 b3 00 01 b0 30 82 01   .............0..
   ac 30 82 01 15 a0 03 02 01 02 02 01 02 30 0d 06   .0...........0..
   09 2a 86 48 86 f7 0d 01 01 0b 05 00 30 0e 31 0c   .*.H........0.1.
   30 0a 06 03 55 04 03 13 03 72 73 61 30 1e 17 0d   0...U....rsa0...
   31 36 30 37 33 30 30 31 32 33 35 39 5a 17 0d 32   160730012359Z..2
   36 30 37 33 30 30 31 32 33 35 39 5a 30 0e 31 0c   60730012359Z0.1.
   30 0a 06 03 55 04 03 13 03 72 73 61 30 81 9f 30   0...U....rsa0..0
   0d 06 09 2a 86 48 86 f7 0d 01 01 01 05 00 03 81   ...*.H..........
   8d 00 30 81 89 02 81 81 00 b4 bb 49 8f 82 79 30   ..0........I..y0
   3d 98 08 36 39 9b 36 c6 98 8c 0c 68 de 55 e1 bd   =..69.6....h.U..
   b8 26 d3 90 1a 24 61 ea fd 2d e4 9a 91 d0 15 ab   .&...$a..-......
   bc 9a 95 13 7a ce 6c 1a f1 9e aa 6a f9 8c 7c ed   ....z.l....j..|.
   43 12 09 98 e1 87 a8 0e e0 cc b0 52 4b 1b 01 8c   C..........RK...
   3e 0b 63 26 4d 44 9a 6d 38 e2 2a 5f da 43 08 46   >.c&MD.m8.*_.C.F
   74 80 30 53 0e f0 46 1c 8c a9 d9 ef bf ae 8e a6   t.0S..F.........
   d1 d0 3e 2b d1 93 ef f0 ab 9a 80 02 c4 74 28 a6   ..>+.........t(.
   d3 5a 8d 88 d7 9f 7f 1e 3f 02 03 01 00 01 a3 1a   .Z......?.......
   30 18 30 09 06 03 55 1d 13 04 02 30 00 30 0b 06   0.0...U....0.0..
   03 55 1d 0f 04 04 03 02 05 a0 30 0d 06 09 2a 86   .U........0...*.
   48 86 f7 0d 01 01 0b 05 00 03 81 81 00 85 aa d2   H...............
   a0 e5 b9 27 6b 90 8c 65 f7 3a 72 67 17 06 18 a5   ...'k..e.:rg....
   4c 5f 8a 7b 33 7d 2d f7 a5 94 36 54 17 f2 ea e8   L_.{3}-...6T....
   f8 a5 8c 8f 81 72 f9 31 9c f3 6b 7f d6 c5 5b 80   .....r.1..k...[.
   f2 1a 03 01 51 56 72 60 96 fd 33 5e 5e 67 f2 db   ....QVr`..3^^g..
   f1 02 70 2e 60 8c ca e6 be c1 fc 63 a4 2a 99 be   ..p.`......c.*..
   5c 3e b7 10 7c 3c 54 e9 b9 eb 2b d5 20 3b 1c 3b   \>..|<T...+. ;.;
   84 e0 a8 b2 f7 59 40 9b a3 ea c9 d9 1d 40 2d cc   .....Y@......@-.
   0c c8 f8 96 12 29 ac 91 87 b4 2b 4d e1 0f 00 00   .....)....+M....
   84 08 04 00 80 87 11 bb cf 3d 6c ab 4e a7 cc 99   .........=l.N...
   a3 f2 12 e7 08 e6 d3 3a 66 cb 54 21 19 cd f3 f5   .......:f.T!....
   77 3d a1 61 13 f8 23 a6 e3 5e f3 e9 7c d9 1c 23   w=.a..#..^..|..#
   d5 ed e0 bd 3b d1 4a 9d 54 b1 fb ce be f7 e5 05   ....;.J.T.......
   ae 2e 4b 1b f2 22 25 49 05 f1 ab ae 91 f6 e4 86   ..K.."%I........
   56 f2 55 8c 59 ac cd a7 a9 d1 57 a5 53 56 1f 3e   V.U.Y.....W.SV.>
   8a 07 d9 ef e4 c5 4b 5d 99 c5 6f 41 ce eb d3 37   ......K]..oA...7
   5a 07 73 6e 54 b7 be 56 3a 1c 6c 7f be 6c fa 53   Z.snT..V:.l..l.S
   1e 14 28 16 e1 14 00 00 20 e9 f9 e5 30 12 56 37   ..(..... ...0.V7
   f1 ac d1 db 7b 4f ab 90 21 e2 24 8f 98 bd 8f 5b   ....{O..!.$....[
   36 51 d1 81 a2 1f e5 07 7c                        6Q......|
23581: TLS13[34494384]: spec=34683008 (handshake key expansion) protect record 0x0 len=649
23581: SSL[34494384]: send (encrypted) record data: [Len: 671]
   17 03 01 02 9a 28 33 92 69 b1 92 3b ae a9 e5 fa   .....(3.i..;....
   11 99 9f 07 04 7a f2 38 8b 63 b4 d0 5e bf 7d e1   .....z.8.c..^.}.
   07 22 82 cd 2e c0 95 7f bd d9 9c d9 f4 05 e8 46   .".............F
   7e d1 88 ef 0f 87 3f 7d 2a 28 05 d2 7f 71 89 1f   ~.....?}*(...q..
   3e 14 32 30 d9 cc 00 a7 96 17 ab 48 3d 1b b4 ad   >.20.......H=...
   8a 4a 1c 96 85 d2 fb a2 6c 11 1e 3b 6f b3 6c ca   .J......l..;o.l.
   10 cf ad de a1 ff ce 2c f0 43 72 59 eb 10 4a 25   .......,.CrY..J%
   79 aa 18 e8 4d 65 d2 02 1e 95 70 41 39 99 b6 57   y...Me....pA9..W
   05 27 fb 02 ac 28 5b b9 f2 70 3d e4 3d e8 c7 16   .'...([..p=.=...
   51 30 de e8 67 8e f0 ee 7d 8e 4e 95 24 c2 7d 2f   Q0..g...}.N.$.}/
   6f 80 14 4d 19 ed fe 23 5d 68 45 8e 0a 8a 8f 75   o..M...#]hE....u
   a4 26 e3 a8 b5 e3 86 3a 37 ff f3 b7 17 74 ea 6e   .&.....:7....t.n
   53 78 cd 74 af 5b 13 e5 9f 41 5c fc c3 d0 80 02   Sx.t.[...A\.....
   bd 1b f3 3f fc 58 65 d0 f6 2d 6a 2d 07 79 2f 72   ...?.Xe..-j-.y/r
   a7 d2 89 ae 68 22 16 9c c8 f7 03 a6 2f 12 b2 b5   ....h"....../...
   3f 76 21 9e 2a 5d 0b c1 f3 b4 c5 96 f8 9f f1 b3   ?v!.*]..........
   39 b0 5f b9 b5 40 ff 79 e5 72 96 4e d7 50 04 70   9._..@.y.r.N.P.p
   07 52 1e a4 7e ea 4c e9 b8 39 cf 20 7a 94 ff 2b   .R..~.L..9. z..+
   cc c3 67 54 24 f0 62 f4 8a df 50 c5 76 7f a9 d0   ..gT$.b...P.v...
   ce d0 44 74 73 4c 06 08 a3 4a 03 16 fa f5 ff 3b   ..DtsL...J.....;
   dd 4c fd 9b 35 9d 71 69 49 a3 91 d4 56 b0 7b 65   .L..5.qiI...V.{e
   d5 46 2e 39 27 b0 3c e1 9c 9e 61 7a d8 97 81 05   .F.9'.<...az....
   50 fd 87 99 eb 95 e0 71 a1 86 6d 68 d9 d4 97 13   P......q..mh....
   75 00 3f cb 11 83 b8 e8 e7 a3 76 7d ee d1 89 e3   u.?.......v}....
   66 37 51 5a 47 0c 65 c3 2f 03 d2 86 a4 91 fe 81   f7QZG.e./.......
   52 f4 85 9b b7 14 e7 2b c6 d4 71 ce 66 2c 72 f2   R......+..q.f,r.
   be d7 99 ad 85 23 3a 65 1a 8c 65 f1 06 b4 d5 9c   .....#:e..e.....
   a8 95 39 09 73 07 86 6e 2a ab c3 eb fb b8 b2 73   ..9.s..n*......s
   b2 26 d0 10 ac 5b a3 6c 24 c3 8a 52 dd 25 92 00   .&...[.l$..R.%..
   10 ee 44 09 67 59 54 ae b3 f3 4c 25 ef ff d6 f1   ..D.gYT...L%....
   71 59 5a aa eb 9d c4 18 c6 89 2d ee 91 9f 7c cf   qYZ.......-...|.
   54 17 67 4e 2c 5e 3b da e7 a9 ca b4 2c 96 b1 2b   T.gN,^;.....,..+
   ed 48 cc 46 e0 c7 cf 52 f4 96 23 25 f1 ba f3 a0   .H.F...R..#%....
   28 fc 61 36 9f 56 55 2d 76 db 46 ee 57 c7 68 a0   (.a6.VU-v.F.W.h.
   a7 7a a0 86 6e 7c 62 94 9f 0b bd 93 bd 96 36 5c   .z..n|b.......6\
   6b 42 02 3e 7a 74 b4 51 86 67 1d f0 da 39 ad a1   kB.>zt.Q.g...9..
   c4 d8 51 62 28 79 87 bc 56 18 e9 ed 84 80 15 2d   ..Qb(y..V......-
   3f 82 4b e7 73 96 20 ae 16 95 90 05 a5 55 82 40   ?.K.s. ......U.@
   ee 5b 4b ce 3c 55 0c 5b 41 9b 92 32 a2 27 f6 f0   .[K.<U.[A..2.'..
   49 66 97 25 1e 67 7d e6 b1 4d 20 88 33 31 40 1c   If.%.g}..M .31@.
   27 78 dc 7a 0a 94 09 76 50 6c 41 3b 36 36 b3 b1   'x.z...vPlA;66..
   f9 26 83 47 de a5 06 04 63 6d cc 0d a9 01 db      .&.G....cm.....
23581: SSL[34494384]: saving 671 bytes of data (762 total saved so far)
23581: SSL[34494384]: sending 762 bytes of saved data
23581: TLS13[34494384]: deriving secret 'client application traffic secret'
23581: SSL: Combined handshake hash computed  [Len: 64]
   ae 67 95 2d 23 eb f9 d1 e6 7a ba 57 40 38 71 61   .g.-#....z.W@8qa
   37 35 f2 ce e5 2a aa 4c 2c 94 7f 3b 85 ce 88 be   75...*.L,..;....
   66 68 7a ad f8 62 bd 77 6c 8f c1 8b 8e 9f 8e 20   fhz..b.wl...... 
   08 97 14 85 6e e2 33 b3 90 2a 59 1d 0d 5f 29 25   ....n.3..*Y.._)%
HKDF Expand: label=[TLS 1.3, ] + 'client application traffic secret',requested length=32
23581: SSL: PRK [Len: 32]
   14 59 fd dd 1e f2 1c 4d b4 bc 0b 6f 71 4d a3 e7   .Y.....M...oqM..
   5e 50 7e 31 76 c0 c7 d3 2d dc 5a a4 b2 c6 9d 2f   ^P~1v...-.Z..../
23581: SSL: Hash [Len: 64]
   ae 67 95 2d 23 eb f9 d1 e6 7a ba 57 40 38 71 61   .g.-#....z.W@8qa
   37 35 f2 ce e5 2a aa 4c 2c 94 7f 3b 85 ce 88 be   75...*.L,..;....
   66 68 7a ad f8 62 bd 77 6c 8f c1 8b 8e 9f 8e 20   fhz..b.wl...... 
   08 97 14 85 6e e2 33 b3 90 2a 59 1d 0d 5f 29 25   ....n.3..*Y.._)%
23581: SSL: Info [Len: 110]
   00 20 2a 54 4c 53 20 31 2e 33 2c 20 63 6c 69 65   . *TLS 1.3, clie
   6e 74 20 61 70 70 6c 69 63 61 74 69 6f 6e 20 74   nt application t
   72 61 66 66 69 63 20 73 65 63 72 65 74 40 ae 67   raffic secret@.g
   95 2d 23 eb f9 d1 e6 7a ba 57 40 38 71 61 37 35   .-#....z.W@8qa75
   f2 ce e5 2a aa 4c 2c 94 7f 3b 85 ce 88 be 66 68   ...*.L,..;....fh
   7a ad f8 62 bd 77 6c 8f c1 8b 8e 9f 8e 20 08 97   z..b.wl...... ..
   14 85 6e e2 33 b3 90 2a 59 1d 0d 5f 29 25         ..n.3..*Y.._)%
23581: SSL: Derived key [Len: 32]
   1c ad cf 25 99 19 a3 08 fc 20 02 22 79 a9 fa e7   ...%..... ."y...
   7c ff b4 8f f8 48 0b c3 32 18 35 63 e3 3d a2 5f   |....H..2.5c.=._
23581: TLS13[34494384]: deriving secret 'server application traffic secret'
23581: SSL: Combined handshake hash computed  [Len: 64]
   ae 67 95 2d 23 eb f9 d1 e6 7a ba 57 40 38 71 61   .g.-#....z.W@8qa
   37 35 f2 ce e5 2a aa 4c 2c 94 7f 3b 85 ce 88 be   75...*.L,..;....
   66 68 7a ad f8 62 bd 77 6c 8f c1 8b 8e 9f 8e 20   fhz..b.wl...... 
   08 97 14 85 6e e2 33 b3 90 2a 59 1d 0d 5f 29 25   ....n.3..*Y.._)%
HKDF Expand: label=[TLS 1.3, ] + 'server application traffic secret',requested length=32
23581: SSL: PRK [Len: 32]
   14 59 fd dd 1e f2 1c 4d b4 bc 0b 6f 71 4d a3 e7   .Y.....M...oqM..
   5e 50 7e 31 76 c0 c7 d3 2d dc 5a a4 b2 c6 9d 2f   ^P~1v...-.Z..../
23581: SSL: Hash [Len: 64]
   ae 67 95 2d 23 eb f9 d1 e6 7a ba 57 40 38 71 61   .g.-#....z.W@8qa
   37 35 f2 ce e5 2a aa 4c 2c 94 7f 3b 85 ce 88 be   75...*.L,..;....
   66 68 7a ad f8 62 bd 77 6c 8f c1 8b 8e 9f 8e 20   fhz..b.wl...... 
   08 97 14 85 6e e2 33 b3 90 2a 59 1d 0d 5f 29 25   ....n.3..*Y.._)%
23581: SSL: Info [Len: 110]
   00 20 2a 54 4c 53 20 31 2e 33 2c 20 73 65 72 76   . *TLS 1.3, serv
   65 72 20 61 70 70 6c 69 63 61 74 69 6f 6e 20 74   er application t
   72 61 66 66 69 63 20 73 65 63 72 65 74 40 ae 67   raffic secret@.g
   95 2d 23 eb f9 d1 e6 7a ba 57 40 38 71 61 37 35   .-#....z.W@8qa75
   f2 ce e5 2a aa 4c 2c 94 7f 3b 85 ce 88 be 66 68   ...*.L,..;....fh
   7a ad f8 62 bd 77 6c 8f c1 8b 8e 9f 8e 20 08 97   z..b.wl...... ..
   14 85 6e e2 33 b3 90 2a 59 1d 0d 5f 29 25         ..n.3..*Y.._)%
23581: SSL: Derived key [Len: 32]
   be 87 f6 74 b0 57 19 03 f6 82 bf 46 9c 8b b8 e1   ...t.W.....F....
   d9 f6 1f cf 5e ef cb af b1 b2 05 9c 25 01 92 ff   ....^.......%...
23581: TLS13[34494384]: Set Pending Cipher Suite to 0x1301
23581: TLS13[34494384]: deriving traffic keys phase='application data key expansion'
HKDF Expand: label=[TLS 1.3, ] + 'application data key expansion, key',requested length=16
23581: SSL: PRK [Len: 32]
   be 87 f6 74 b0 57 19 03 f6 82 bf 46 9c 8b b8 e1   ...t.W.....F....
   d9 f6 1f cf 5e ef cb af b1 b2 05 9c 25 01 92 ff   ....^.......%...
23581: SSL: Hash [Len: 0]
   <NULL>
23581: SSL: Info [Len: 48]
   00 10 2c 54 4c 53 20 31 2e 33 2c 20 61 70 70 6c   ..,TLS 1.3, appl
   69 63 61 74 69 6f 6e 20 64 61 74 61 20 6b 65 79   ication data key
   20 65 78 70 61 6e 73 69 6f 6e 2c 20 6b 65 79 00    expansion, key.
23581: SSL: Derived key [Len: 16]
   37 c7 e0 17 d8 69 98 e6 a0 bf d3 63 50 21 44 79   7....i.....cP!Dy
HKDF Expand: label=[TLS 1.3, ] + 'application data key expansion, iv',requested length=12
23581: SSL: PRK [Len: 32]
   be 87 f6 74 b0 57 19 03 f6 82 bf 46 9c 8b b8 e1   ...t.W.....F....
   d9 f6 1f cf 5e ef cb af b1 b2 05 9c 25 01 92 ff   ....^.......%...
23581: SSL: Hash [Len: 0]
   <NULL>
23581: SSL: Info [Len: 47]
   00 0c 2b 54 4c 53 20 31 2e 33 2c 20 61 70 70 6c   ..+TLS 1.3, appl
   69 63 61 74 69 6f 6e 20 64 61 74 61 20 6b 65 79   ication data key
   20 65 78 70 61 6e 73 69 6f 6e 2c 20 69 76 00       expansion, iv.
23581: SSL: Derived key [Len: 12]
   60 96 2c 1b 72 a0 c0 a1 5f df 8b d9               `.,.r..._...
23581: TLS13[-]: decrement refct for spec 34683008. phase=handshake key expansion new ct = 0
23581: TLS13[-]: Freeing spec 34683008. phase=handshake key expansion
23581: TLS13[34494384]: server installed key for phase='application data key expansion'.2 dir=write
23581: TLS13[34494384]: Set Pending Cipher Suite to 0x1301
23581: TLS13[34494384]: deriving traffic keys phase='handshake key expansion'
HKDF Expand: label=[TLS 1.3, ] + 'handshake key expansion, key',requested length=16
23581: SSL: PRK [Len: 32]
   6c cf c7 32 35 d7 92 9b 25 f4 7d 82 54 99 e1 87   l..25...%.}.T...
   5d cd 50 c8 c7 d7 59 65 85 6c d0 65 cd 2a 71 5d   ].P...Ye.l.e.*q]
23581: SSL: Hash [Len: 0]
   <NULL>
23581: SSL: Info [Len: 41]
   00 10 25 54 4c 53 20 31 2e 33 2c 20 68 61 6e 64   ..%TLS 1.3, hand
   73 68 61 6b 65 20 6b 65 79 20 65 78 70 61 6e 73   shake key expans
   69 6f 6e 2c 20 6b 65 79 00                        ion, key.
23581: SSL: Derived key [Len: 16]
   6f 67 34 6f 54 d1 4b 40 71 fe f8 37 db 36 43 da   og4oT.K@q..7.6C.
HKDF Expand: label=[TLS 1.3, ] + 'handshake key expansion, iv',requested length=12
23581: SSL: PRK [Len: 32]
   6c cf c7 32 35 d7 92 9b 25 f4 7d 82 54 99 e1 87   l..25...%.}.T...
   5d cd 50 c8 c7 d7 59 65 85 6c d0 65 cd 2a 71 5d   ].P...Ye.l.e.*q]
23581: SSL: Hash [Len: 0]
   <NULL>
23581: SSL: Info [Len: 40]
   00 0c 24 54 4c 53 20 31 2e 33 2c 20 68 61 6e 64   ..$TLS 1.3, hand
   73 68 61 6b 65 20 6b 65 79 20 65 78 70 61 6e 73   shake key expans
   69 6f 6e 2c 20 69 76 00                           ion, iv.
23581: SSL: Derived key [Len: 12]
   6b 6d ec 9e 08 be 4b e4 6a f1 f8 a9               km....K.j...
23581: TLS13[-]: decrement refct for spec 34497168. phase=(null) new ct = 126
23581: TLS13[34494384]: server installed key for phase='handshake key expansion'.1 dir=read
23581: TLS13[34494384]: server state change from wait_client_hello->wait_finished in tls13_SendServerHelloSequence (../../lib/ssl/tls13con.c:1975)
23581: SSL3[34494384]: gather state 1 (need 5 more)
23581: SSL[34494384]: handshake gathering, rv=-1
ssl3_GatherCompleteHandshake
23581: SSL3[34493488]: gather state 1 (need 5 more)
23581: SSL: grow buffer from 0 to 18432
23581: SSL3[34493488]: gather state 2 (need 86 more)
23581: SSL[34493488]: got record of 86 bytes
23581: SSL3[34493488]: handle handshake message: server_hello  (2)
23581: SSL3[34493488]: handle server_hello handshake
23581: SSL3[34493488]: start handshake hashes
23581: TLS13[34493488]: handle signature_algorithms extension
23581: SSL3[34493488]: handle key_share extension
23581: TLS13[34493488]: compute early secrets (client)
23581: SSL: HKDF Extract: IKM1/Salt [Len: 0]
   <NULL>
23581: SSL: HKDF Extract: IKM2 [Len: 32]
   00 00 00 00 00 00 00 00 00 00 00 00 00 00 00 00   ................
   00 00 00 00 00 00 00 00 00 00 00 00 00 00 00 00   ................
23581: SSL: HKDF Extract [Len: 32]
   33 ad 0a 1c 60 7e c0 3b 09 e6 cd 98 93 68 0c e2   3...`~.;.....h..
   10 ad f3 00 aa 1f 26 60 e1 b2 2e 10 f1 70 f9 2a   ......&`.....p.*
23581: SSL[34493488]: Resumption context [Len: 32]
   00 00 00 00 00 00 00 00 00 00 00 00 00 00 00 00   ................
   00 00 00 00 00 00 00 00 00 00 00 00 00 00 00 00   ................
23581: SSL[34493488]: Hash of resumption context [Len: 32]
   66 68 7a ad f8 62 bd 77 6c 8f c1 8b 8e 9f 8e 20   fhz..b.wl...... 
   08 97 14 85 6e e2 33 b3 90 2a 59 1d 0d 5f 29 25   ....n.3..*Y.._)%
SSL: destroy sid: sid=0x210c060 cached=0
23581: TLS13[34493488]: handle server_key_share handshake
23581: TLS13[34493488]: compute handshake secrets (client)
23581: SSL: HKDF Extract: IKM1/Salt [Len: 32]
   33 ad 0a 1c 60 7e c0 3b 09 e6 cd 98 93 68 0c e2   3...`~.;.....h..
   10 ad f3 00 aa 1f 26 60 e1 b2 2e 10 f1 70 f9 2a   ......&`.....p.*
23581: SSL: HKDF Extract: IKM2 [Len: 32]
   97 e9 e9 5f 74 5a 16 9d aa 64 3f ac 7c f9 c1 00   ..._tZ...d?.|...
   cd 57 82 19 1f a1 b8 18 1a 27 2f 26 94 8d 97 30   .W.......'/&...0
23581: SSL: HKDF Extract [Len: 32]
   b8 34 1e 2c 98 e5 43 7d 49 4b 23 a3 29 4b 10 d9   .4.,..C}IK#.)K..
   99 f6 d6 e8 7c 48 88 45 35 b8 fd 0a 38 b5 d6 bd   ....|H.E5...8...
23581: TLS13[34493488]: deriving secret 'client handshake traffic secret'
23581: SSL: Combined handshake hash computed  [Len: 64]
   3d d9 53 27 9e 4d 22 ef 4e 7a fa 60 5a 05 3a d8   =.S'.M".Nz.`Z.:.
   8b 22 00 7c 43 a5 6f 38 82 2c 38 14 51 07 98 64   .".|C.o8.,8.Q..d
   66 68 7a ad f8 62 bd 77 6c 8f c1 8b 8e 9f 8e 20   fhz..b.wl...... 
   08 97 14 85 6e e2 33 b3 90 2a 59 1d 0d 5f 29 25   ....n.3..*Y.._)%
HKDF Expand: label=[TLS 1.3, ] + 'client handshake traffic secret',requested length=32
23581: SSL: PRK [Len: 32]
   b8 34 1e 2c 98 e5 43 7d 49 4b 23 a3 29 4b 10 d9   .4.,..C}IK#.)K..
   99 f6 d6 e8 7c 48 88 45 35 b8 fd 0a 38 b5 d6 bd   ....|H.E5...8...
23581: SSL: Hash [Len: 64]
   3d d9 53 27 9e 4d 22 ef 4e 7a fa 60 5a 05 3a d8   =.S'.M".Nz.`Z.:.
   8b 22 00 7c 43 a5 6f 38 82 2c 38 14 51 07 98 64   .".|C.o8.,8.Q..d
   66 68 7a ad f8 62 bd 77 6c 8f c1 8b 8e 9f 8e 20   fhz..b.wl...... 
   08 97 14 85 6e e2 33 b3 90 2a 59 1d 0d 5f 29 25   ....n.3..*Y.._)%
23581: SSL: Info [Len: 108]
   00 20 28 54 4c 53 20 31 2e 33 2c 20 63 6c 69 65   . (TLS 1.3, clie
   6e 74 20 68 61 6e 64 73 68 61 6b 65 20 74 72 61   nt handshake tra
   66 66 69 63 20 73 65 63 72 65 74 40 3d d9 53 27   ffic secret@=.S'
   9e 4d 22 ef 4e 7a fa 60 5a 05 3a d8 8b 22 00 7c   .M".Nz.`Z.:..".|
   43 a5 6f 38 82 2c 38 14 51 07 98 64 66 68 7a ad   C.o8.,8.Q..dfhz.
   f8 62 bd 77 6c 8f c1 8b 8e 9f 8e 20 08 97 14 85   .b.wl...... ....
   6e e2 33 b3 90 2a 59 1d 0d 5f 29 25               n.3..*Y.._)%
23581: SSL: Derived key [Len: 32]
   6c cf c7 32 35 d7 92 9b 25 f4 7d 82 54 99 e1 87   l..25...%.}.T...
   5d cd 50 c8 c7 d7 59 65 85 6c d0 65 cd 2a 71 5d   ].P...Ye.l.e.*q]
23581: TLS13[34493488]: deriving secret 'server handshake traffic secret'
23581: SSL: Combined handshake hash computed  [Len: 64]
   3d d9 53 27 9e 4d 22 ef 4e 7a fa 60 5a 05 3a d8   =.S'.M".Nz.`Z.:.
   8b 22 00 7c 43 a5 6f 38 82 2c 38 14 51 07 98 64   .".|C.o8.,8.Q..d
   66 68 7a ad f8 62 bd 77 6c 8f c1 8b 8e 9f 8e 20   fhz..b.wl...... 
   08 97 14 85 6e e2 33 b3 90 2a 59 1d 0d 5f 29 25   ....n.3..*Y.._)%
HKDF Expand: label=[TLS 1.3, ] + 'server handshake traffic secret',requested length=32
23581: SSL: PRK [Len: 32]
   b8 34 1e 2c 98 e5 43 7d 49 4b 23 a3 29 4b 10 d9   .4.,..C}IK#.)K..
   99 f6 d6 e8 7c 48 88 45 35 b8 fd 0a 38 b5 d6 bd   ....|H.E5...8...
23581: SSL: Hash [Len: 64]
   3d d9 53 27 9e 4d 22 ef 4e 7a fa 60 5a 05 3a d8   =.S'.M".Nz.`Z.:.
   8b 22 00 7c 43 a5 6f 38 82 2c 38 14 51 07 98 64   .".|C.o8.,8.Q..d
   66 68 7a ad f8 62 bd 77 6c 8f c1 8b 8e 9f 8e 20   fhz..b.wl...... 
   08 97 14 85 6e e2 33 b3 90 2a 59 1d 0d 5f 29 25   ....n.3..*Y.._)%
23581: SSL: Info [Len: 108]
   00 20 28 54 4c 53 20 31 2e 33 2c 20 73 65 72 76   . (TLS 1.3, serv
   65 72 20 68 61 6e 64 73 68 61 6b 65 20 74 72 61   er handshake tra
   66 66 69 63 20 73 65 63 72 65 74 40 3d d9 53 27   ffic secret@=.S'
   9e 4d 22 ef 4e 7a fa 60 5a 05 3a d8 8b 22 00 7c   .M".Nz.`Z.:..".|
   43 a5 6f 38 82 2c 38 14 51 07 98 64 66 68 7a ad   C.o8.,8.Q..dfhz.
   f8 62 bd 77 6c 8f c1 8b 8e 9f 8e 20 08 97 14 85   .b.wl...... ....
   6e e2 33 b3 90 2a 59 1d 0d 5f 29 25               n.3..*Y.._)%
23581: SSL: Derived key [Len: 32]
   f6 f5 16 5c ac aa 58 cc 91 f0 bc 29 64 3c c2 6d   ...\..X....)d<.m
   28 84 5c 2a c7 dc 6b 79 48 01 39 c4 db 0f 17 a5   (.\*..kyH.9.....
23581: TLS13[34493488]: compute master secret (client)
23581: SSL: HKDF Extract: IKM1/Salt [Len: 32]
   b8 34 1e 2c 98 e5 43 7d 49 4b 23 a3 29 4b 10 d9   .4.,..C}IK#.)K..
   99 f6 d6 e8 7c 48 88 45 35 b8 fd 0a 38 b5 d6 bd   ....|H.E5...8...
23581: SSL: HKDF Extract: IKM2 [Len: 32]
   00 00 00 00 00 00 00 00 00 00 00 00 00 00 00 00   ................
   00 00 00 00 00 00 00 00 00 00 00 00 00 00 00 00   ................
23581: SSL: HKDF Extract [Len: 32]
   14 59 fd dd 1e f2 1c 4d b4 bc 0b 6f 71 4d a3 e7   .Y.....M...oqM..
   5e 50 7e 31 76 c0 c7 d3 2d dc 5a a4 b2 c6 9d 2f   ^P~1v...-.Z..../
23581: TLS13[34493488]: Set Pending Cipher Suite to 0x1301
23581: TLS13[34493488]: deriving traffic keys phase='handshake key expansion'
HKDF Expand: label=[TLS 1.3, ] + 'handshake key expansion, key',requested length=16
23581: SSL: PRK [Len: 32]
   f6 f5 16 5c ac aa 58 cc 91 f0 bc 29 64 3c c2 6d   ...\..X....)d<.m
   28 84 5c 2a c7 dc 6b 79 48 01 39 c4 db 0f 17 a5   (.\*..kyH.9.....
23581: SSL: Hash [Len: 0]
   <NULL>
23581: SSL: Info [Len: 41]
   00 10 25 54 4c 53 20 31 2e 33 2c 20 68 61 6e 64   ..%TLS 1.3, hand
   73 68 61 6b 65 20 6b 65 79 20 65 78 70 61 6e 73   shake key expans
   69 6f 6e 2c 20 6b 65 79 00                        ion, key.
23581: SSL: Derived key [Len: 16]
   45 80 6b 1c 9d d7 db 51 df 53 fd 4b 34 99 86 98   E.k....Q.S.K4...
HKDF Expand: label=[TLS 1.3, ] + 'handshake key expansion, iv',requested length=12
23581: SSL: PRK [Len: 32]
   f6 f5 16 5c ac aa 58 cc 91 f0 bc 29 64 3c c2 6d   ...\..X....)d<.m
   28 84 5c 2a c7 dc 6b 79 48 01 39 c4 db 0f 17 a5   (.\*..kyH.9.....
23581: SSL: Hash [Len: 0]
   <NULL>
23581: SSL: Info [Len: 40]
   00 0c 24 54 4c 53 20 31 2e 33 2c 20 68 61 6e 64   ..$TLS 1.3, hand
   73 68 61 6b 65 20 6b 65 79 20 65 78 70 61 6e 73   shake key expans
   69 6f 6e 2c 20 69 76 00                           ion, iv.
23581: SSL: Derived key [Len: 12]
   a3 ab fa 0f bf 9e e7 8f f4 53 b4 09               .........S..
23581: TLS13[-]: decrement refct for spec 34661648. phase=(null) new ct = 127
23581: TLS13[34493488]: client installed key for phase='handshake key expansion'.1 dir=read
23581: TLS13[34493488]: client state change from wait_server_hello->wait_encrypted_extensions in tls13_HandleServerHelloPart2 (../../lib/ssl/tls13con.c:2120)
23581: SSL3[34493488]: gather state 1 (need 5 more)
23581: SSL3[34493488]: gather state 2 (need 666 more)
23581: SSL[34493488]: got record of 666 bytes
23581: TLS13[34493488]: spec=34620288 (handshake key expansion) unprotect record 0x0 len=666
23581: SSL3[34493488]: handle handshake message: encrypted_extensions (8)
23581: TLS13[34493488]: handle encrypted extensions
23581: TLS13[34493488]: client state change from wait_encrypted_extensions->wait_cert_request in tls13_HandleEncryptedExtensions (../../lib/ssl/tls13con.c:2901)
23581: SSL3[34493488]: handle handshake message: certificate  (11)
23581: TLS13[34493488]: handle certificate handshake
23581: TLS13[34493488]: client state change from wait_cert_request->wait_cert_verify in ssl3_AuthCertificate (../../lib/ssl/ssl3con.c:10851)
23581: SSL3[34493488]: handle handshake message: certificate_verify  (15)
23581: SSL: Combined handshake hash computed  [Len: 64]
   1e 38 a4 2d 4b 51 69 8d 93 21 f9 c9 dc 8e fd 3e   .8.-KQi..!.....>
   f5 ca bc a4 aa 66 cc c0 de c9 27 2f bd 94 e9 f5   .....f....'/....
   66 68 7a ad f8 62 bd 77 6c 8f c1 8b 8e 9f 8e 20   fhz..b.wl...... 
   08 97 14 85 6e e2 33 b3 90 2a 59 1d 0d 5f 29 25   ....n.3..*Y.._)%
23581: TLS13[34493488]: handle certificate_verify handshake
23581: SSL[34493488]: TLS 1.3 hash without context [Len: 64]
   1e 38 a4 2d 4b 51 69 8d 93 21 f9 c9 dc 8e fd 3e   .8.-KQi..!.....>
   f5 ca bc a4 aa 66 cc c0 de c9 27 2f bd 94 e9 f5   .....f....'/....
   66 68 7a ad f8 62 bd 77 6c 8f c1 8b 8e 9f 8e 20   fhz..b.wl...... 
   08 97 14 85 6e e2 33 b3 90 2a 59 1d 0d 5f 29 25   ....n.3..*Y.._)%
23581: SSL[34493488]: Context string [Len: 33]
   54 4c 53 20 31 2e 33 2c 20 73 65 72 76 65 72 20   TLS 1.3, server 
   43 65 72 74 69 66 69 63 61 74 65 56 65 72 69 66   CertificateVerif
   79                                                y
23581: SSL[34493488]: TLS 1.3 hash with context [Len: 32]
   59 29 ac 51 ed 15 48 9b 0f 7b 10 86 d5 bf 67 c8   Y).Q..H..{....g.
   99 66 9e 7a 1e 28 6c 73 29 7a a2 f8 02 ce 51 24   .f.z.(ls)z....Q$
23581: TLS13[34493488]: client state change from wait_cert_verify->wait_finished in tls13_HandleCertificateVerify (../../lib/ssl/tls13con.c:3120)
23581: SSL3[34493488]: handle handshake message: finished     (20)
23581: SSL: Combined handshake hash computed  [Len: 64]
   98 fa d5 a9 0e 27 f7 c3 53 08 01 12 ce 56 43 8b   .....'..S....VC.
   e4 4e 08 72 52 c2 c0 21 7b f3 07 93 e0 70 f0 bc   .N.rR..!{....p..
   66 68 7a ad f8 62 bd 77 6c 8f c1 8b 8e 9f 8e 20   fhz..b.wl...... 
   08 97 14 85 6e e2 33 b3 90 2a 59 1d 0d 5f 29 25   ....n.3..*Y.._)%
23581: TLS13[34493488]: server handle finished handshake
23581: SSL: Handshake hash [Len: 64]
   98 fa d5 a9 0e 27 f7 c3 53 08 01 12 ce 56 43 8b   .....'..S....VC.
   e4 4e 08 72 52 c2 c0 21 7b f3 07 93 e0 70 f0 bc   .N.rR..!{....p..
   66 68 7a ad f8 62 bd 77 6c 8f c1 8b 8e 9f 8e 20   fhz..b.wl...... 
   08 97 14 85 6e e2 33 b3 90 2a 59 1d 0d 5f 29 25   ....n.3..*Y.._)%
HKDF Expand: label=[TLS 1.3, ] + 'finished',requested length=32
23581: SSL: PRK [Len: 32]
   f6 f5 16 5c ac aa 58 cc 91 f0 bc 29 64 3c c2 6d   ...\..X....)d<.m
   28 84 5c 2a c7 dc 6b 79 48 01 39 c4 db 0f 17 a5   (.\*..kyH.9.....
23581: SSL: Hash [Len: 0]
   <NULL>
23581: SSL: Info [Len: 21]
   00 20 11 54 4c 53 20 31 2e 33 2c 20 66 69 6e 69   . .TLS 1.3, fini
   73 68 65 64 00                                    shed.
23581: SSL: Derived key [Len: 32]
   67 3b 6a 64 1c 16 87 bc 53 ed 5c f8 43 45 46 6d   g;jd....S.\.CEFm
   60 06 d8 c7 6f 8e d3 33 38 0a 2f 10 bf 1a 61 79   `...o..38./...ay
23581: SSL: Handshake hash [Len: 64]
   98 fa d5 a9 0e 27 f7 c3 53 08 01 12 ce 56 43 8b   .....'..S....VC.
   e4 4e 08 72 52 c2 c0 21 7b f3 07 93 e0 70 f0 bc   .N.rR..!{....p..
   66 68 7a ad f8 62 bd 77 6c 8f c1 8b 8e 9f 8e 20   fhz..b.wl...... 
   08 97 14 85 6e e2 33 b3 90 2a 59 1d 0d 5f 29 25   ....n.3..*Y.._)%
23581: TLS13[34493488]: Set Pending Cipher Suite to 0x1301
23581: TLS13[34493488]: deriving traffic keys phase='handshake key expansion'
HKDF Expand: label=[TLS 1.3, ] + 'handshake key expansion, key',requested length=16
23581: SSL: PRK [Len: 32]
   6c cf c7 32 35 d7 92 9b 25 f4 7d 82 54 99 e1 87   l..25...%.}.T...
   5d cd 50 c8 c7 d7 59 65 85 6c d0 65 cd 2a 71 5d   ].P...Ye.l.e.*q]
23581: SSL: Hash [Len: 0]
   <NULL>
23581: SSL: Info [Len: 41]
   00 10 25 54 4c 53 20 31 2e 33 2c 20 68 61 6e 64   ..%TLS 1.3, hand
   73 68 61 6b 65 20 6b 65 79 20 65 78 70 61 6e 73   shake key expans
   69 6f 6e 2c 20 6b 65 79 00                        ion, key.
23581: SSL: Derived key [Len: 16]
   6f 67 34 6f 54 d1 4b 40 71 fe f8 37 db 36 43 da   og4oT.K@q..7.6C.
HKDF Expand: label=[TLS 1.3, ] + 'handshake key expansion, iv',requested length=12
23581: SSL: PRK [Len: 32]
   6c cf c7 32 35 d7 92 9b 25 f4 7d 82 54 99 e1 87   l..25...%.}.T...
   5d cd 50 c8 c7 d7 59 65 85 6c d0 65 cd 2a 71 5d   ].P...Ye.l.e.*q]
23581: SSL: Hash [Len: 0]
   <NULL>
23581: SSL: Info [Len: 40]
   00 0c 24 54 4c 53 20 31 2e 33 2c 20 68 61 6e 64   ..$TLS 1.3, hand
   73 68 61 6b 65 20 6b 65 79 20 65 78 70 61 6e 73   shake key expans
   69 6f 6e 2c 20 69 76 00                           ion, iv.
23581: SSL: Derived key [Len: 12]
   6b 6d ec 9e 08 be 4b e4 6a f1 f8 a9               km....K.j...
23581: TLS13[-]: decrement refct for spec 34661648. phase=(null) new ct = 126
23581: TLS13[34493488]: client installed key for phase='handshake key expansion'.1 dir=write
23581: TLS13[34493488]: deriving secret 'client application traffic secret'
23581: SSL: Combined handshake hash computed  [Len: 64]
   ae 67 95 2d 23 eb f9 d1 e6 7a ba 57 40 38 71 61   .g.-#....z.W@8qa
   37 35 f2 ce e5 2a aa 4c 2c 94 7f 3b 85 ce 88 be   75...*.L,..;....
   66 68 7a ad f8 62 bd 77 6c 8f c1 8b 8e 9f 8e 20   fhz..b.wl...... 
   08 97 14 85 6e e2 33 b3 90 2a 59 1d 0d 5f 29 25   ....n.3..*Y.._)%
HKDF Expand: label=[TLS 1.3, ] + 'client application traffic secret',requested length=32
23581: SSL: PRK [Len: 32]
   14 59 fd dd 1e f2 1c 4d b4 bc 0b 6f 71 4d a3 e7   .Y.....M...oqM..
   5e 50 7e 31 76 c0 c7 d3 2d dc 5a a4 b2 c6 9d 2f   ^P~1v...-.Z..../
23581: SSL: Hash [Len: 64]
   ae 67 95 2d 23 eb f9 d1 e6 7a ba 57 40 38 71 61   .g.-#....z.W@8qa
   37 35 f2 ce e5 2a aa 4c 2c 94 7f 3b 85 ce 88 be   75...*.L,..;....
   66 68 7a ad f8 62 bd 77 6c 8f c1 8b 8e 9f 8e 20   fhz..b.wl...... 
   08 97 14 85 6e e2 33 b3 90 2a 59 1d 0d 5f 29 25   ....n.3..*Y.._)%
23581: SSL: Info [Len: 110]
   00 20 2a 54 4c 53 20 31 2e 33 2c 20 63 6c 69 65   . *TLS 1.3, clie
   6e 74 20 61 70 70 6c 69 63 61 74 69 6f 6e 20 74   nt application t
   72 61 66 66 69 63 20 73 65 63 72 65 74 40 ae 67   raffic secret@.g
   95 2d 23 eb f9 d1 e6 7a ba 57 40 38 71 61 37 35   .-#....z.W@8qa75
   f2 ce e5 2a aa 4c 2c 94 7f 3b 85 ce 88 be 66 68   ...*.L,..;....fh
   7a ad f8 62 bd 77 6c 8f c1 8b 8e 9f 8e 20 08 97   z..b.wl...... ..
   14 85 6e e2 33 b3 90 2a 59 1d 0d 5f 29 25         ..n.3..*Y.._)%
23581: SSL: Derived key [Len: 32]
   1c ad cf 25 99 19 a3 08 fc 20 02 22 79 a9 fa e7   ...%..... ."y...
   7c ff b4 8f f8 48 0b c3 32 18 35 63 e3 3d a2 5f   |....H..2.5c.=._
23581: TLS13[34493488]: deriving secret 'server application traffic secret'
23581: SSL: Combined handshake hash computed  [Len: 64]
   ae 67 95 2d 23 eb f9 d1 e6 7a ba 57 40 38 71 61   .g.-#....z.W@8qa
   37 35 f2 ce e5 2a aa 4c 2c 94 7f 3b 85 ce 88 be   75...*.L,..;....
   66 68 7a ad f8 62 bd 77 6c 8f c1 8b 8e 9f 8e 20   fhz..b.wl...... 
   08 97 14 85 6e e2 33 b3 90 2a 59 1d 0d 5f 29 25   ....n.3..*Y.._)%
HKDF Expand: label=[TLS 1.3, ] + 'server application traffic secret',requested length=32
23581: SSL: PRK [Len: 32]
   14 59 fd dd 1e f2 1c 4d b4 bc 0b 6f 71 4d a3 e7   .Y.....M...oqM..
   5e 50 7e 31 76 c0 c7 d3 2d dc 5a a4 b2 c6 9d 2f   ^P~1v...-.Z..../
23581: SSL: Hash [Len: 64]
   ae 67 95 2d 23 eb f9 d1 e6 7a ba 57 40 38 71 61   .g.-#....z.W@8qa
   37 35 f2 ce e5 2a aa 4c 2c 94 7f 3b 85 ce 88 be   75...*.L,..;....
   66 68 7a ad f8 62 bd 77 6c 8f c1 8b 8e 9f 8e 20   fhz..b.wl...... 
   08 97 14 85 6e e2 33 b3 90 2a 59 1d 0d 5f 29 25   ....n.3..*Y.._)%
23581: SSL: Info [Len: 110]
   00 20 2a 54 4c 53 20 31 2e 33 2c 20 73 65 72 76   . *TLS 1.3, serv
   65 72 20 61 70 70 6c 69 63 61 74 69 6f 6e 20 74   er application t
   72 61 66 66 69 63 20 73 65 63 72 65 74 40 ae 67   raffic secret@.g
   95 2d 23 eb f9 d1 e6 7a ba 57 40 38 71 61 37 35   .-#....z.W@8qa75
   f2 ce e5 2a aa 4c 2c 94 7f 3b 85 ce 88 be 66 68   ...*.L,..;....fh
   7a ad f8 62 bd 77 6c 8f c1 8b 8e 9f 8e 20 08 97   z..b.wl...... ..
   14 85 6e e2 33 b3 90 2a 59 1d 0d 5f 29 25         ..n.3..*Y.._)%
23581: SSL: Derived key [Len: 32]
   be 87 f6 74 b0 57 19 03 f6 82 bf 46 9c 8b b8 e1   ...t.W.....F....
   d9 f6 1f cf 5e ef cb af b1 b2 05 9c 25 01 92 ff   ....^.......%...
23581: TLS13[34493488]: Set Pending Cipher Suite to 0x1301
23581: TLS13[34493488]: deriving traffic keys phase='application data key expansion'
HKDF Expand: label=[TLS 1.3, ] + 'application data key expansion, key',requested length=16
23581: SSL: PRK [Len: 32]
   be 87 f6 74 b0 57 19 03 f6 82 bf 46 9c 8b b8 e1   ...t.W.....F....
   d9 f6 1f cf 5e ef cb af b1 b2 05 9c 25 01 92 ff   ....^.......%...
23581: SSL: Hash [Len: 0]
   <NULL>
23581: SSL: Info [Len: 48]
   00 10 2c 54 4c 53 20 31 2e 33 2c 20 61 70 70 6c   ..,TLS 1.3, appl
   69 63 61 74 69 6f 6e 20 64 61 74 61 20 6b 65 79   ication data key
   20 65 78 70 61 6e 73 69 6f 6e 2c 20 6b 65 79 00    expansion, key.
23581: SSL: Derived key [Len: 16]
   37 c7 e0 17 d8 69 98 e6 a0 bf d3 63 50 21 44 79   7....i.....cP!Dy
HKDF Expand: label=[TLS 1.3, ] + 'application data key expansion, iv',requested length=12
23581: SSL: PRK [Len: 32]
   be 87 f6 74 b0 57 19 03 f6 82 bf 46 9c 8b b8 e1   ...t.W.....F....
   d9 f6 1f cf 5e ef cb af b1 b2 05 9c 25 01 92 ff   ....^.......%...
23581: SSL: Hash [Len: 0]
   <NULL>
23581: SSL: Info [Len: 47]
   00 0c 2b 54 4c 53 20 31 2e 33 2c 20 61 70 70 6c   ..+TLS 1.3, appl
   69 63 61 74 69 6f 6e 20 64 61 74 61 20 6b 65 79   ication data key
   20 65 78 70 61 6e 73 69 6f 6e 2c 20 69 76 00       expansion, iv.
23581: SSL: Derived key [Len: 12]
   60 96 2c 1b 72 a0 c0 a1 5f df 8b d9               `.,.r..._...
23581: TLS13[-]: decrement refct for spec 34620288. phase=handshake key expansion new ct = 0
23581: TLS13[-]: Freeing spec 34620288. phase=handshake key expansion
23581: TLS13[34493488]: client installed key for phase='application data key expansion'.2 dir=read
23581: TLS13[34493488]: send finished handshake
23581: SSL: Combined handshake hash computed  [Len: 64]
   ae 67 95 2d 23 eb f9 d1 e6 7a ba 57 40 38 71 61   .g.-#....z.W@8qa
   37 35 f2 ce e5 2a aa 4c 2c 94 7f 3b 85 ce 88 be   75...*.L,..;....
   66 68 7a ad f8 62 bd 77 6c 8f c1 8b 8e 9f 8e 20   fhz..b.wl...... 
   08 97 14 85 6e e2 33 b3 90 2a 59 1d 0d 5f 29 25   ....n.3..*Y.._)%
23581: SSL: Handshake hash [Len: 64]
   ae 67 95 2d 23 eb f9 d1 e6 7a ba 57 40 38 71 61   .g.-#....z.W@8qa
   37 35 f2 ce e5 2a aa 4c 2c 94 7f 3b 85 ce 88 be   75...*.L,..;....
   66 68 7a ad f8 62 bd 77 6c 8f c1 8b 8e 9f 8e 20   fhz..b.wl...... 
   08 97 14 85 6e e2 33 b3 90 2a 59 1d 0d 5f 29 25   ....n.3..*Y.._)%
HKDF Expand: label=[TLS 1.3, ] + 'finished',requested length=32
23581: SSL: PRK [Len: 32]
   6c cf c7 32 35 d7 92 9b 25 f4 7d 82 54 99 e1 87   l..25...%.}.T...
   5d cd 50 c8 c7 d7 59 65 85 6c d0 65 cd 2a 71 5d   ].P...Ye.l.e.*q]
23581: SSL: Hash [Len: 0]
   <NULL>
23581: SSL: Info [Len: 21]
   00 20 11 54 4c 53 20 31 2e 33 2c 20 66 69 6e 69   . .TLS 1.3, fini
   73 68 65 64 00                                    shed.
23581: SSL: Derived key [Len: 32]
   d8 82 f0 76 48 fd b5 e4 db 34 c0 bc d7 9f de 53   ...vH....4.....S
   ee aa 3e 68 b8 ea 99 6c 73 a0 0b 12 3a f9 4a 1a   ..>h...ls...:.J.
23581: SSL: Handshake hash [Len: 64]
   ae 67 95 2d 23 eb f9 d1 e6 7a ba 57 40 38 71 61   .g.-#....z.W@8qa
   37 35 f2 ce e5 2a aa 4c 2c 94 7f 3b 85 ce 88 be   75...*.L,..;....
   66 68 7a ad f8 62 bd 77 6c 8f c1 8b 8e 9f 8e 20   fhz..b.wl...... 
   08 97 14 85 6e e2 33 b3 90 2a 59 1d 0d 5f 29 25   ....n.3..*Y.._)%
23581: SSL3[34493488]: append handshake header: type finished     (20)
23581: SSL3[34493488] SendRecord type: handshake  (22) nIn=36
23581: SSL[34493488]: Send record (plain text) [Len: 36]
   14 00 00 20 78 70 e3 fc e2 b6 f6 e4 b6 7c 7e 12   ... xp.......|~.
   73 e9 20 1c ec ea 26 9d 52 13 35 d8 88 89 01 f0   s. ...&.R.5.....
   36 6b 40 83                                       6k@.
23581: TLS13[34493488]: spec=34808240 (handshake key expansion) protect record 0x0 len=36
23581: SSL[34493488]: send (encrypted) record data: [Len: 58]
   17 03 01 00 35 5a 22 ec f8 e8 c2 8b 75 47 12 06   ....5Z".....uG..
   ad 6d 85 34 23 76 72 73 6b 95 59 9c 89 d3 68 58   .m.4#vrsk.Y...hX
   50 77 55 3e 25 19 c2 10 b9 04 0d 81 23 d5 ba a9   PwU>%.......#...
   73 87 7f 18 e5 7e ca 03 d1 f0                     s....~....
23581: TLS13[34493488]: Set Pending Cipher Suite to 0x1301
23581: TLS13[34493488]: deriving traffic keys phase='application data key expansion'
HKDF Expand: label=[TLS 1.3, ] + 'application data key expansion, key',requested length=16
23581: SSL: PRK [Len: 32]
   1c ad cf 25 99 19 a3 08 fc 20 02 22 79 a9 fa e7   ...%..... ."y...
   7c ff b4 8f f8 48 0b c3 32 18 35 63 e3 3d a2 5f   |....H..2.5c.=._
23581: SSL: Hash [Len: 0]
   <NULL>
23581: SSL: Info [Len: 48]
   00 10 2c 54 4c 53 20 31 2e 33 2c 20 61 70 70 6c   ..,TLS 1.3, appl
   69 63 61 74 69 6f 6e 20 64 61 74 61 20 6b 65 79   ication data key
   20 65 78 70 61 6e 73 69 6f 6e 2c 20 6b 65 79 00    expansion, key.
23581: SSL: Derived key [Len: 16]
   14 f6 87 19 10 bd 95 41 74 4b 46 92 1f 2b 71 87   .......AtKF..+q.
HKDF Expand: label=[TLS 1.3, ] + 'application data key expansion, iv',requested length=12
23581: SSL: PRK [Len: 32]
   1c ad cf 25 99 19 a3 08 fc 20 02 22 79 a9 fa e7   ...%..... ."y...
   7c ff b4 8f f8 48 0b c3 32 18 35 63 e3 3d a2 5f   |....H..2.5c.=._
23581: SSL: Hash [Len: 0]
   <NULL>
23581: SSL: Info [Len: 47]
   00 0c 2b 54 4c 53 20 31 2e 33 2c 20 61 70 70 6c   ..+TLS 1.3, appl
   69 63 61 74 69 6f 6e 20 64 61 74 61 20 6b 65 79   ication data key
   20 65 78 70 61 6e 73 69 6f 6e 2c 20 69 76 00       expansion, iv.
23581: SSL: Derived key [Len: 12]
   63 2c 22 0c 65 9b 34 25 26 f8 01 bc               c,".e.4%&...
23581: TLS13[-]: decrement refct for spec 34808240. phase=handshake key expansion new ct = 0
23581: TLS13[-]: Freeing spec 34808240. phase=handshake key expansion
23581: TLS13[34493488]: client installed key for phase='application data key expansion'.2 dir=write
23581: TLS13[34493488]: deriving secret 'resumption master secret'
23581: SSL: Combined handshake hash computed  [Len: 64]
   bd c3 85 1b b3 eb 76 01 8b 12 3c 29 23 9e 81 4a   ......v...<)#..J
   7f 92 aa c4 ad 56 0b 6f a0 c0 45 53 8f 90 b6 54   .....V.o..ES...T
   66 68 7a ad f8 62 bd 77 6c 8f c1 8b 8e 9f 8e 20   fhz..b.wl...... 
   08 97 14 85 6e e2 33 b3 90 2a 59 1d 0d 5f 29 25   ....n.3..*Y.._)%
HKDF Expand: label=[TLS 1.3, ] + 'resumption master secret',requested length=32
23581: SSL: PRK [Len: 32]
   14 59 fd dd 1e f2 1c 4d b4 bc 0b 6f 71 4d a3 e7   .Y.....M...oqM..
   5e 50 7e 31 76 c0 c7 d3 2d dc 5a a4 b2 c6 9d 2f   ^P~1v...-.Z..../
23581: SSL: Hash [Len: 64]
   bd c3 85 1b b3 eb 76 01 8b 12 3c 29 23 9e 81 4a   ......v...<)#..J
   7f 92 aa c4 ad 56 0b 6f a0 c0 45 53 8f 90 b6 54   .....V.o..ES...T
   66 68 7a ad f8 62 bd 77 6c 8f c1 8b 8e 9f 8e 20   fhz..b.wl...... 
   08 97 14 85 6e e2 33 b3 90 2a 59 1d 0d 5f 29 25   ....n.3..*Y.._)%
23581: SSL: Info [Len: 101]
   00 20 21 54 4c 53 20 31 2e 33 2c 20 72 65 73 75   . !TLS 1.3, resu
   6d 70 74 69 6f 6e 20 6d 61 73 74 65 72 20 73 65   mption master se
   63 72 65 74 40 bd c3 85 1b b3 eb 76 01 8b 12 3c   cret@......v...<
   29 23 9e 81 4a 7f 92 aa c4 ad 56 0b 6f a0 c0 45   )#..J.....V.o..E
   53 8f 90 b6 54 66 68 7a ad f8 62 bd 77 6c 8f c1   S...Tfhz..b.wl..
   8b 8e 9f 8e 20 08 97 14 85 6e e2 33 b3 90 2a 59   .... ....n.3..*Y
   1d 0d 5f 29 25                                    .._)%
23581: SSL: Derived key [Len: 32]
   05 da ae e0 9e 05 ce b7 c1 a0 cf ad 3d ce cf 4c   ............=..L
   53 17 cf bf cf c0 06 61 da 85 1b f6 33 bf a3 2b   S......a....3..+
23581: TLS13[34493488]: client state change from wait_finished->idle_handshake in tls13_FinishHandshake (../../lib/ssl/tls13con.c:3393)
23581: SSL[34493488]: handshake is completed
client: Handshake success
client: Changing state from CONNECTING to CONNECTED
client: Handshake success
ssl3_GatherCompleteHandshake
23581: SSL3[34494384]: gather state 1 (need 5 more)
23581: SSL3[34494384]: gather state 2 (need 53 more)
23581: SSL[34494384]: got record of 53 bytes
23581: TLS13[34494384]: spec=34683008 (handshake key expansion) unprotect record 0x0 len=53
23581: SSL3[34494384]: handle handshake message: finished     (20)
23581: SSL: Combined handshake hash computed  [Len: 64]
   ae 67 95 2d 23 eb f9 d1 e6 7a ba 57 40 38 71 61   .g.-#....z.W@8qa
   37 35 f2 ce e5 2a aa 4c 2c 94 7f 3b 85 ce 88 be   75...*.L,..;....
   66 68 7a ad f8 62 bd 77 6c 8f c1 8b 8e 9f 8e 20   fhz..b.wl...... 
   08 97 14 85 6e e2 33 b3 90 2a 59 1d 0d 5f 29 25   ....n.3..*Y.._)%
23581: TLS13[34494384]: server handle finished handshake
23581: SSL: Handshake hash [Len: 64]
   ae 67 95 2d 23 eb f9 d1 e6 7a ba 57 40 38 71 61   .g.-#....z.W@8qa
   37 35 f2 ce e5 2a aa 4c 2c 94 7f 3b 85 ce 88 be   75...*.L,..;....
   66 68 7a ad f8 62 bd 77 6c 8f c1 8b 8e 9f 8e 20   fhz..b.wl...... 
   08 97 14 85 6e e2 33 b3 90 2a 59 1d 0d 5f 29 25   ....n.3..*Y.._)%
HKDF Expand: label=[TLS 1.3, ] + 'finished',requested length=32
23581: SSL: PRK [Len: 32]
   6c cf c7 32 35 d7 92 9b 25 f4 7d 82 54 99 e1 87   l..25...%.}.T...
   5d cd 50 c8 c7 d7 59 65 85 6c d0 65 cd 2a 71 5d   ].P...Ye.l.e.*q]
23581: SSL: Hash [Len: 0]
   <NULL>
23581: SSL: Info [Len: 21]
   00 20 11 54 4c 53 20 31 2e 33 2c 20 66 69 6e 69   . .TLS 1.3, fini
   73 68 65 64 00                                    shed.
23581: SSL: Derived key [Len: 32]
   d8 82 f0 76 48 fd b5 e4 db 34 c0 bc d7 9f de 53   ...vH....4.....S
   ee aa 3e 68 b8 ea 99 6c 73 a0 0b 12 3a f9 4a 1a   ..>h...ls...:.J.
23581: SSL: Handshake hash [Len: 64]
   ae 67 95 2d 23 eb f9 d1 e6 7a ba 57 40 38 71 61   .g.-#....z.W@8qa
   37 35 f2 ce e5 2a aa 4c 2c 94 7f 3b 85 ce 88 be   75...*.L,..;....
   66 68 7a ad f8 62 bd 77 6c 8f c1 8b 8e 9f 8e 20   fhz..b.wl...... 
   08 97 14 85 6e e2 33 b3 90 2a 59 1d 0d 5f 29 25   ....n.3..*Y.._)%
23581: TLS13[34494384]: Set Pending Cipher Suite to 0x1301
23581: TLS13[34494384]: deriving traffic keys phase='application data key expansion'
HKDF Expand: label=[TLS 1.3, ] + 'application data key expansion, key',requested length=16
23581: SSL: PRK [Len: 32]
   1c ad cf 25 99 19 a3 08 fc 20 02 22 79 a9 fa e7   ...%..... ."y...
   7c ff b4 8f f8 48 0b c3 32 18 35 63 e3 3d a2 5f   |....H..2.5c.=._
23581: SSL: Hash [Len: 0]
   <NULL>
23581: SSL: Info [Len: 48]
   00 10 2c 54 4c 53 20 31 2e 33 2c 20 61 70 70 6c   ..,TLS 1.3, appl
   69 63 61 74 69 6f 6e 20 64 61 74 61 20 6b 65 79   ication data key
   20 65 78 70 61 6e 73 69 6f 6e 2c 20 6b 65 79 00    expansion, key.
23581: SSL: Derived key [Len: 16]
   14 f6 87 19 10 bd 95 41 74 4b 46 92 1f 2b 71 87   .......AtKF..+q.
HKDF Expand: label=[TLS 1.3, ] + 'application data key expansion, iv',requested length=12
23581: SSL: PRK [Len: 32]
   1c ad cf 25 99 19 a3 08 fc 20 02 22 79 a9 fa e7   ...%..... ."y...
   7c ff b4 8f f8 48 0b c3 32 18 35 63 e3 3d a2 5f   |....H..2.5c.=._
23581: SSL: Hash [Len: 0]
   <NULL>
23581: SSL: Info [Len: 47]
   00 0c 2b 54 4c 53 20 31 2e 33 2c 20 61 70 70 6c   ..+TLS 1.3, appl
   69 63 61 74 69 6f 6e 20 64 61 74 61 20 6b 65 79   ication data key
   20 65 78 70 61 6e 73 69 6f 6e 2c 20 69 76 00       expansion, iv.
23581: SSL: Derived key [Len: 12]
   63 2c 22 0c 65 9b 34 25 26 f8 01 bc               c,".e.4%&...
23581: TLS13[-]: decrement refct for spec 34683008. phase=handshake key expansion new ct = 0
23581: TLS13[-]: Freeing spec 34683008. phase=handshake key expansion
23581: TLS13[34494384]: server installed key for phase='application data key expansion'.2 dir=read
23581: TLS13[34494384]: deriving secret 'resumption master secret'
23581: SSL: Combined handshake hash computed  [Len: 64]
   bd c3 85 1b b3 eb 76 01 8b 12 3c 29 23 9e 81 4a   ......v...<)#..J
   7f 92 aa c4 ad 56 0b 6f a0 c0 45 53 8f 90 b6 54   .....V.o..ES...T
   66 68 7a ad f8 62 bd 77 6c 8f c1 8b 8e 9f 8e 20   fhz..b.wl...... 
   08 97 14 85 6e e2 33 b3 90 2a 59 1d 0d 5f 29 25   ....n.3..*Y.._)%
HKDF Expand: label=[TLS 1.3, ] + 'resumption master secret',requested length=32
23581: SSL: PRK [Len: 32]
   14 59 fd dd 1e f2 1c 4d b4 bc 0b 6f 71 4d a3 e7   .Y.....M...oqM..
   5e 50 7e 31 76 c0 c7 d3 2d dc 5a a4 b2 c6 9d 2f   ^P~1v...-.Z..../
23581: SSL: Hash [Len: 64]
   bd c3 85 1b b3 eb 76 01 8b 12 3c 29 23 9e 81 4a   ......v...<)#..J
   7f 92 aa c4 ad 56 0b 6f a0 c0 45 53 8f 90 b6 54   .....V.o..ES...T
   66 68 7a ad f8 62 bd 77 6c 8f c1 8b 8e 9f 8e 20   fhz..b.wl...... 
   08 97 14 85 6e e2 33 b3 90 2a 59 1d 0d 5f 29 25   ....n.3..*Y.._)%
23581: SSL: Info [Len: 101]
   00 20 21 54 4c 53 20 31 2e 33 2c 20 72 65 73 75   . !TLS 1.3, resu
   6d 70 74 69 6f 6e 20 6d 61 73 74 65 72 20 73 65   mption master se
   63 72 65 74 40 bd c3 85 1b b3 eb 76 01 8b 12 3c   cret@......v...<
   29 23 9e 81 4a 7f 92 aa c4 ad 56 0b 6f a0 c0 45   )#..J.....V.o..E
   53 8f 90 b6 54 66 68 7a ad f8 62 bd 77 6c 8f c1   S...Tfhz..b.wl..
   8b 8e 9f 8e 20 08 97 14 85 6e e2 33 b3 90 2a 59   .... ....n.3..*Y
   1d 0d 5f 29 25                                    .._)%
23581: SSL: Derived key [Len: 32]
   05 da ae e0 9e 05 ce b7 c1 a0 cf ad 3d ce cf 4c   ............=..L
   53 17 cf bf cf c0 06 61 da 85 1b f6 33 bf a3 2b   S......a....3..+
23581: TLS13[34494384]: server state change from wait_finished->idle_handshake in tls13_FinishHandshake (../../lib/ssl/tls13con.c:3393)
23581: SSL[34494384]: handshake is completed
server: Handshake success
server: Changing state from CONNECTING to CONNECTED
server: Handshake success
Connected with version 772 cipher suite TLS_AES_128_GCM_SHA256
23581: SSL3[34493488]: send alert record, level=1 desc=0
23581: SSL3[34493488] SendRecord type: alert      (21) nIn=2
23581: SSL[34493488]: Send record (plain text) [Len: 2]
   01 00                                             ..
23581: TLS13[34493488]: spec=34620288 (application data key expansion) protect record 0x0 len=2
23581: SSL[34493488]: send (encrypted) record data: [Len: 24]
   17 03 01 00 13 80 87 96 b1 4d 38 46 25 41 d1 56   .........M8F%A.V
   0b 1c 62 04 3f 69 ad da                           ..b.?i..
SSL: destroy sid: sid=0x210c060 cached=0
23581: SSL[34493488]: closing, rv=0 errno=0
23581: SSL3[34494384]: send alert record, level=1 desc=0
23581: SSL3[34494384] SendRecord type: alert      (21) nIn=2
23581: SSL[34494384]: Send record (plain text) [Len: 2]
   01 00                                             ..
23581: TLS13[34494384]: spec=34671056 (application data key expansion) protect record 0x0 len=2
23581: SSL[34494384]: send (encrypted) record data: [Len: 24]
   17 03 01 00 13 28 fb f4 61 db 0f 10 d0 9a ab 6b   .....(..a......k
   e4 a4 68 14 6f 48 bf 34                           ..h.oH.4
SSL: destroy sid: sid=0x210da20 cached=0
23581: SSL[34494384]: closing, rv=0 errno=-12216
[       OK ] GenericStream/TlsConnectGeneric.Connect/0 (19 ms)
[----------] 1 test from GenericStream/TlsConnectGeneric (19 ms total)

[----------] Global test environment tear-down
[==========] 1 test from 1 test case ran. (19 ms total)
[  PASSED  ] 1 test.
